c:\users\uty\documents\github\directxlastproject\engine\debug\vc140.pdb
c:\users\uty\documents\github\directxlastproject\engine\debug\vc140.idb
c:\users\uty\documents\github\directxlastproject\engine\debug\bitmapclass.obj
c:\users\uty\documents\github\directxlastproject\engine\debug\cameraclass.obj
c:\users\uty\documents\github\directxlastproject\engine\debug\cpuclass.obj
c:\users\uty\documents\github\directxlastproject\engine\debug\d3dclass.obj
c:\users\uty\documents\github\directxlastproject\engine\debug\fontclass.obj
c:\users\uty\documents\github\directxlastproject\engine\debug\fontshaderclass.obj
c:\users\uty\documents\github\directxlastproject\engine\debug\fpsclass.obj
c:\users\uty\documents\github\directxlastproject\engine\debug\graphicsclass.obj
c:\users\uty\documents\github\directxlastproject\engine\debug\inputclass.obj
c:\users\uty\documents\github\directxlastproject\engine\debug\lightclass.obj
c:\users\uty\documents\github\directxlastproject\engine\debug\main.obj
c:\users\uty\documents\github\directxlastproject\engine\debug\modelclass.obj
c:\users\uty\documents\github\directxlastproject\engine\debug\systemclass.obj
c:\users\uty\documents\github\directxlastproject\engine\debug\textclass.obj
c:\users\uty\documents\github\directxlastproject\engine\debug\textureclass.obj
c:\users\uty\documents\github\directxlastproject\engine\debug\lightshaderclass.obj
c:\users\uty\documents\github\directxlastproject\engine\debug\textureshaderclass.obj
c:\users\uty\documents\github\directxlastproject\engine\debug\timerclass.obj
c:\users\uty\documents\github\directxlastproject\engine\debug\engine.ilk
c:\users\uty\documents\github\directxlastproject\engine\debug\engine.exe
c:\users\uty\documents\github\directxlastproject\engine\debug\engine.pdb
c:\users\uty\documents\github\directxlastproject\engine\debug\engine.tlog\cl.command.1.tlog
c:\users\uty\documents\github\directxlastproject\engine\debug\engine.tlog\cl.read.1.tlog
c:\users\uty\documents\github\directxlastproject\engine\debug\engine.tlog\cl.write.1.tlog
c:\users\uty\documents\github\directxlastproject\engine\debug\engine.tlog\link.command.1.tlog
c:\users\uty\documents\github\directxlastproject\engine\debug\engine.tlog\link.read.1.tlog
c:\users\uty\documents\github\directxlastproject\engine\debug\engine.tlog\link.write.1.tlog
